2023-06-06 15:38:17,703 - elsapy.elsclient - INFO - Module loaded.
2023-06-06 15:38:17,704 - elsapy.elsentity - INFO - Module loaded.
2023-06-06 15:38:17,704 - elsapy.elsdoc - INFO - Module loaded.
2023-06-06 15:38:17,705 - elsapy.utils - INFO - Module loaded.
2023-06-06 15:38:17,705 - elsapy.elssearch - INFO - Module loaded.
2023-06-06 15:53:34,013 - elsapy.elsclient - INFO - Module loaded.
2023-06-06 15:53:34,014 - elsapy.elsentity - INFO - Module loaded.
2023-06-06 15:53:34,014 - elsapy.elsdoc - INFO - Module loaded.
2023-06-06 15:53:34,014 - elsapy.utils - INFO - Module loaded.
2023-06-06 15:53:34,015 - elsapy.elssearch - INFO - Module loaded.
2023-06-06 15:56:36,620 - elsapy.elsclient - INFO - Module loaded.
2023-06-06 15:56:36,620 - elsapy.elsentity - INFO - Module loaded.
2023-06-06 15:56:36,621 - elsapy.elsdoc - INFO - Module loaded.
2023-06-06 15:56:36,621 - elsapy.utils - INFO - Module loaded.
2023-06-06 15:56:36,621 - elsapy.elssearch - INFO - Module loaded.
2023-06-06 15:58:12,296 - elsapy.elsclient - INFO - Module loaded.
2023-06-06 15:58:12,297 - elsapy.elsentity - INFO - Module loaded.
2023-06-06 15:58:12,297 - elsapy.elsdoc - INFO - Module loaded.
2023-06-06 15:58:12,298 - elsapy.utils - INFO - Module loaded.
2023-06-06 15:58:12,298 - elsapy.elssearch - INFO - Module loaded.
2023-06-06 16:13:40,623 - elsapy.elsclient - INFO - Module loaded.
2023-06-06 16:13:41,776 - elsapy.elsentity - INFO - Module loaded.
2023-06-06 16:13:41,777 - elsapy.elsdoc - INFO - Module loaded.
2023-06-06 16:13:41,778 - elsapy.utils - INFO - Module loaded.
2023-06-06 16:13:41,778 - elsapy.elssearch - INFO - Module loaded.
2023-06-06 16:16:01,236 - elsapy.elsclient - INFO - Module loaded.
2023-06-06 16:16:01,237 - elsapy.elsentity - INFO - Module loaded.
2023-06-06 16:16:01,237 - elsapy.elsdoc - INFO - Module loaded.
2023-06-06 16:16:01,237 - elsapy.utils - INFO - Module loaded.
2023-06-06 16:16:01,238 - elsapy.elssearch - INFO - Module loaded.
