2023-06-29 19:04:30,143 - elsapy.elsclient - INFO - Module loaded.
2023-06-29 19:04:30,144 - elsapy.elsentity - INFO - Module loaded.
2023-06-29 19:04:30,145 - elsapy.elsdoc - INFO - Module loaded.
2023-06-29 19:04:30,147 - elsapy.utils - INFO - Module loaded.
2023-06-29 19:04:30,147 - elsapy.elssearch - INFO - Module loaded.
2023-06-29 19:04:59,519 - elsapy.elsclient - INFO - Sending GET request to https://api.elsevier.com/content/search/scopus?query=ALL%28Anplasma%29+AND+ALL%28Tabanidae%29
2023-06-29 19:05:01,000 - elsapy.utils - INFO - Converting prism:coverDate
2023-06-29 19:05:01,978 - elsapy.elsclient - INFO - Sending GET request to https://api.elsevier.com/content/abstract/scopus_id/85038072477
2023-06-29 19:05:03,688 - elsapy.elsentity - INFO - Data loaded for https://api.elsevier.com/content/abstract/scopus_id/85038072477
2023-06-29 19:05:03,730 - elsapy.elsclient - INFO - Sending GET request to https://api.elsevier.com/content/search/sciencedirect?query=ALL%28Anplasma%29+AND+ALL%28Tabanidae%29
2023-06-29 19:06:58,760 - elsapy.elsclient - INFO - Sending GET request to https://api.elsevier.com/content/search/scopus?query=ALL%28Babesia+%29+AND+ALL%28Tabanidae+%29
2023-06-29 19:07:00,607 - elsapy.utils - INFO - Converting prism:coverDate
2023-06-29 19:07:01,581 - elsapy.elsclient - INFO - Sending GET request to https://api.elsevier.com/content/abstract/scopus_id/85153249878
2023-06-29 19:07:02,418 - elsapy.elsentity - INFO - Data loaded for https://api.elsevier.com/content/abstract/scopus_id/85153249878
2023-06-29 19:07:03,408 - elsapy.elsclient - INFO - Sending GET request to https://api.elsevier.com/content/abstract/scopus_id/85151481747
2023-06-29 19:07:05,162 - elsapy.elsentity - INFO - Data loaded for https://api.elsevier.com/content/abstract/scopus_id/85151481747
2023-06-29 19:07:06,154 - elsapy.elsclient - INFO - Sending GET request to https://api.elsevier.com/content/abstract/scopus_id/85152581090
2023-06-29 19:07:07,621 - elsapy.elsentity - INFO - Data loaded for https://api.elsevier.com/content/abstract/scopus_id/85152581090
2023-06-29 19:07:08,612 - elsapy.elsclient - INFO - Sending GET request to https://api.elsevier.com/content/abstract/scopus_id/85147342042
2023-06-29 19:07:09,913 - elsapy.elsentity - INFO - Data loaded for https://api.elsevier.com/content/abstract/scopus_id/85147342042
2023-06-29 19:07:10,903 - elsapy.elsclient - INFO - Sending GET request to https://api.elsevier.com/content/abstract/scopus_id/85159099834
2023-06-29 19:07:12,115 - elsapy.elsentity - INFO - Data loaded for https://api.elsevier.com/content/abstract/scopus_id/85159099834
2023-06-29 19:07:13,106 - elsapy.elsclient - INFO - Sending GET request to https://api.elsevier.com/content/abstract/scopus_id/85145074874
2023-06-29 19:07:13,745 - elsapy.elsentity - INFO - Data loaded for https://api.elsevier.com/content/abstract/scopus_id/85145074874
2023-06-29 19:07:14,740 - elsapy.elsclient - INFO - Sending GET request to https://api.elsevier.com/content/abstract/scopus_id/85132314794
2023-06-29 19:07:15,648 - elsapy.elsentity - INFO - Data loaded for https://api.elsevier.com/content/abstract/scopus_id/85132314794
2023-06-29 19:07:16,639 - elsapy.elsclient - INFO - Sending GET request to https://api.elsevier.com/content/abstract/scopus_id/85135852010
2023-06-29 19:07:17,449 - elsapy.elsentity - INFO - Data loaded for https://api.elsevier.com/content/abstract/scopus_id/85135852010
2023-06-29 19:07:18,440 - elsapy.elsclient - INFO - Sending GET request to https://api.elsevier.com/content/abstract/scopus_id/85138408403
2023-06-29 19:07:19,300 - elsapy.elsentity - INFO - Data loaded for https://api.elsevier.com/content/abstract/scopus_id/85138408403
2023-06-29 19:07:20,286 - elsapy.elsclient - INFO - Sending GET request to https://api.elsevier.com/content/abstract/scopus_id/85132313851
2023-06-29 19:07:20,938 - elsapy.elsentity - INFO - Data loaded for https://api.elsevier.com/content/abstract/scopus_id/85132313851
2023-06-29 19:07:21,934 - elsapy.elsclient - INFO - Sending GET request to https://api.elsevier.com/content/abstract/scopus_id/85138654901
2023-06-29 19:07:22,695 - elsapy.elsentity - INFO - Data loaded for https://api.elsevier.com/content/abstract/scopus_id/85138654901
2023-06-29 19:07:23,686 - elsapy.elsclient - INFO - Sending GET request to https://api.elsevier.com/content/abstract/scopus_id/85108256907
2023-06-29 19:07:25,022 - elsapy.elsentity - INFO - Data loaded for https://api.elsevier.com/content/abstract/scopus_id/85108256907
2023-06-29 19:07:26,010 - elsapy.elsclient - INFO - Sending GET request to https://api.elsevier.com/content/abstract/scopus_id/85127681730
2023-06-29 19:07:26,823 - elsapy.elsentity - INFO - Data loaded for https://api.elsevier.com/content/abstract/scopus_id/85127681730
2023-06-29 19:07:27,813 - elsapy.elsclient - INFO - Sending GET request to https://api.elsevier.com/content/abstract/scopus_id/85125702989
2023-06-29 19:07:29,465 - elsapy.elsentity - INFO - Data loaded for https://api.elsevier.com/content/abstract/scopus_id/85125702989
2023-06-29 19:07:30,461 - elsapy.elsclient - INFO - Sending GET request to https://api.elsevier.com/content/abstract/scopus_id/85114955755
2023-06-29 19:07:32,129 - elsapy.elsentity - INFO - Data loaded for https://api.elsevier.com/content/abstract/scopus_id/85114955755
2023-06-29 19:07:33,119 - elsapy.elsclient - INFO - Sending GET request to https://api.elsevier.com/content/abstract/scopus_id/85109757279
2023-06-29 19:07:33,822 - elsapy.elsentity - INFO - Data loaded for https://api.elsevier.com/content/abstract/scopus_id/85109757279
2023-06-29 19:07:34,814 - elsapy.elsclient - INFO - Sending GET request to https://api.elsevier.com/content/abstract/scopus_id/85103349912
2023-06-29 19:07:36,230 - elsapy.elsentity - INFO - Data loaded for https://api.elsevier.com/content/abstract/scopus_id/85103349912
2023-06-29 19:07:37,225 - elsapy.elsclient - INFO - Sending GET request to https://api.elsevier.com/content/abstract/scopus_id/85104617917
2023-06-29 19:07:38,143 - elsapy.elsentity - INFO - Data loaded for https://api.elsevier.com/content/abstract/scopus_id/85104617917
2023-06-29 19:07:39,127 - elsapy.elsclient - INFO - Sending GET request to https://api.elsevier.com/content/abstract/scopus_id/85104520755
2023-06-29 19:07:40,208 - elsapy.elsentity - INFO - Data loaded for https://api.elsevier.com/content/abstract/scopus_id/85104520755
2023-06-29 19:07:41,202 - elsapy.elsclient - INFO - Sending GET request to https://api.elsevier.com/content/abstract/scopus_id/85104516283
2023-06-29 19:07:42,393 - elsapy.elsentity - INFO - Data loaded for https://api.elsevier.com/content/abstract/scopus_id/85104516283
2023-06-29 19:07:43,384 - elsapy.elsclient - INFO - Sending GET request to https://api.elsevier.com/content/abstract/scopus_id/85125902054
2023-06-29 19:07:45,002 - elsapy.elsentity - INFO - Data loaded for https://api.elsevier.com/content/abstract/scopus_id/85125902054
2023-06-29 19:07:45,999 - elsapy.elsclient - INFO - Sending GET request to https://api.elsevier.com/content/abstract/scopus_id/85098698120
2023-06-29 19:07:46,853 - elsapy.elsentity - INFO - Data loaded for https://api.elsevier.com/content/abstract/scopus_id/85098698120
2023-06-29 19:07:47,844 - elsapy.elsclient - INFO - Sending GET request to https://api.elsevier.com/content/abstract/scopus_id/85103301018
2023-06-29 19:07:48,759 - elsapy.elsentity - INFO - Data loaded for https://api.elsevier.com/content/abstract/scopus_id/85103301018
2023-06-29 19:07:49,740 - elsapy.elsclient - INFO - Sending GET request to https://api.elsevier.com/content/abstract/scopus_id/85102050328
2023-06-29 19:07:51,294 - elsapy.elsentity - INFO - Data loaded for https://api.elsevier.com/content/abstract/scopus_id/85102050328
2023-06-29 19:07:52,286 - elsapy.elsclient - INFO - Sending GET request to https://api.elsevier.com/content/abstract/scopus_id/85096987515
2023-06-29 19:07:53,024 - elsapy.elsentity - INFO - Data loaded for https://api.elsevier.com/content/abstract/scopus_id/85096987515
2023-06-29 19:07:53,055 - elsapy.elsclient - INFO - Sending GET request to https://api.elsevier.com/content/search/sciencedirect?query=ALL%28Babesia+%29+AND+ALL%28Tabanidae+%29
2023-06-29 19:07:53,675 - elsapy.utils - INFO - Converting prism:coverDate
2023-06-29 19:07:54,670 - elsapy.elsclient - INFO - Sending GET request to https://api.elsevier.com/content/article/doi/10.1016/j.actatropica.2021.106262
2023-06-29 19:07:55,724 - elsapy.elsentity - INFO - Data loaded for https://api.elsevier.com/content/article/doi/10.1016/j.actatropica.2021.106262
2023-06-29 19:07:56,721 - elsapy.elsclient - INFO - Sending GET request to https://api.elsevier.com/content/article/doi/10.1016/j.ttbdis.2023.102208
2023-06-29 19:07:58,242 - elsapy.elsentity - INFO - Data loaded for https://api.elsevier.com/content/article/doi/10.1016/j.ttbdis.2023.102208
2023-06-29 19:07:59,237 - elsapy.elsclient - INFO - Sending GET request to https://api.elsevier.com/content/article/doi/10.1016/j.vprsr.2019.100353
2023-06-29 19:08:00,916 - elsapy.elsentity - INFO - Data loaded for https://api.elsevier.com/content/article/doi/10.1016/j.vprsr.2019.100353
2023-06-29 19:08:01,912 - elsapy.elsclient - INFO - Sending GET request to https://api.elsevier.com/content/article/doi/10.1016/j.vprsr.2021.100566
2023-06-29 19:08:03,345 - elsapy.elsentity - INFO - Data loaded for https://api.elsevier.com/content/article/doi/10.1016/j.vprsr.2021.100566
2023-06-29 19:08:04,342 - elsapy.elsclient - INFO - Sending GET request to https://api.elsevier.com/content/article/doi/10.1016/j.ttbdis.2016.12.002
2023-06-29 19:08:05,282 - elsapy.elsentity - INFO - Data loaded for https://api.elsevier.com/content/article/doi/10.1016/j.ttbdis.2016.12.002
2023-06-29 19:08:06,276 - elsapy.elsclient - INFO - Sending GET request to https://api.elsevier.com/content/article/doi/10.1016/j.vprsr.2020.100442
2023-06-29 19:08:08,003 - elsapy.elsentity - INFO - Data loaded for https://api.elsevier.com/content/article/doi/10.1016/j.vprsr.2020.100442
2023-06-29 19:08:08,999 - elsapy.elsclient - INFO - Sending GET request to https://api.elsevier.com/content/article/doi/10.1016/j.ttbdis.2015.11.001
2023-06-29 19:08:09,853 - elsapy.elsentity - INFO - Data loaded for https://api.elsevier.com/content/article/doi/10.1016/j.ttbdis.2015.11.001
2023-06-29 19:08:10,851 - elsapy.elsclient - INFO - Sending GET request to https://api.elsevier.com/content/article/doi/10.1016/j.vetpar.2010.11.030
2023-06-29 19:08:12,313 - elsapy.elsentity - INFO - Data loaded for https://api.elsevier.com/content/article/doi/10.1016/j.vetpar.2010.11.030
2023-06-29 19:08:13,308 - elsapy.elsclient - INFO - Sending GET request to https://api.elsevier.com/content/article/doi/10.1016/B978-0-12-814112-0.09990-6
2023-06-29 19:08:14,711 - elsapy.elsentity - INFO - Data loaded for https://api.elsevier.com/content/article/doi/10.1016/B978-0-12-814112-0.09990-6
2023-06-29 19:08:15,708 - elsapy.elsclient - INFO - Sending GET request to https://api.elsevier.com/content/article/doi/10.1016/j.ijpddr.2017.01.004
2023-06-29 19:08:17,254 - elsapy.elsentity - INFO - Data loaded for https://api.elsevier.com/content/article/doi/10.1016/j.ijpddr.2017.01.004
2023-06-29 19:08:18,249 - elsapy.elsclient - INFO - Sending GET request to https://api.elsevier.com/content/article/doi/10.1016/S2222-1808(16)61066-6
2023-06-29 19:08:19,127 - elsapy.elsentity - INFO - Data loaded for https://api.elsevier.com/content/article/doi/10.1016/S2222-1808(16)61066-6
2023-06-29 19:08:20,124 - elsapy.elsclient - INFO - Sending GET request to https://api.elsevier.com/content/article/doi/10.1016/B978-0-7020-4088-7.00096-1
2023-06-29 19:08:21,481 - elsapy.elsentity - INFO - Data loaded for https://api.elsevier.com/content/article/doi/10.1016/B978-0-7020-4088-7.00096-1
2023-06-29 19:08:22,476 - elsapy.elsclient - INFO - Sending GET request to https://api.elsevier.com/content/article/doi/10.1016/B978-1-4832-2807-5.50009-8
2023-06-29 19:08:23,353 - elsapy.elsentity - INFO - Data loaded for https://api.elsevier.com/content/article/doi/10.1016/B978-1-4832-2807-5.50009-8
2023-06-29 19:08:24,351 - elsapy.elsclient - INFO - Sending GET request to https://api.elsevier.com/content/article/doi/10.1016/S0304-4017(07)00065-9
2023-06-29 19:08:25,258 - elsapy.elsentity - INFO - Data loaded for https://api.elsevier.com/content/article/doi/10.1016/S0304-4017(07)00065-9
2023-06-29 19:08:26,255 - elsapy.elsclient - INFO - Sending GET request to https://api.elsevier.com/content/article/doi/10.1016/B978-0-12-814112-0.00001-5
2023-06-29 19:08:26,979 - elsapy.elsentity - INFO - Data loaded for https://api.elsevier.com/content/article/doi/10.1016/B978-0-12-814112-0.00001-5
2023-06-29 19:08:27,977 - elsapy.elsclient - INFO - Sending GET request to https://api.elsevier.com/content/article/doi/10.1016/j.asd.2011.12.001
2023-06-29 19:08:28,936 - elsapy.elsentity - INFO - Data loaded for https://api.elsevier.com/content/article/doi/10.1016/j.asd.2011.12.001
2023-06-29 19:08:29,932 - elsapy.elsclient - INFO - Sending GET request to https://api.elsevier.com/content/article/doi/10.1016/j.pt.2023.04.004
2023-06-29 19:08:30,810 - elsapy.elsentity - INFO - Data loaded for https://api.elsevier.com/content/article/doi/10.1016/j.pt.2023.04.004
2023-06-29 19:08:31,804 - elsapy.elsclient - INFO - Sending GET request to https://api.elsevier.com/content/article/doi/10.1016/B978-0-7020-6285-8.00012-5
2023-06-29 19:08:32,589 - elsapy.elsentity - INFO - Data loaded for https://api.elsevier.com/content/article/doi/10.1016/B978-0-7020-6285-8.00012-5
2023-06-29 19:08:33,585 - elsapy.elsclient - INFO - Sending GET request to https://api.elsevier.com/content/article/doi/10.1016/S0304-4017(08)00287-2
2023-06-29 19:08:34,781 - elsapy.elsentity - INFO - Data loaded for https://api.elsevier.com/content/article/doi/10.1016/S0304-4017(08)00287-2
2023-06-29 19:08:35,778 - elsapy.elsclient - INFO - Sending GET request to https://api.elsevier.com/content/article/doi/10.1016/B978-0-323-54396-5.00012-X
2023-06-29 19:08:36,777 - elsapy.elsentity - INFO - Data loaded for https://api.elsevier.com/content/article/doi/10.1016/B978-0-323-54396-5.00012-X
2023-06-29 19:08:37,776 - elsapy.elsclient - INFO - Sending GET request to https://api.elsevier.com/content/article/doi/10.1016/B978-0-323-54396-5.00019-2
2023-06-29 19:08:39,140 - elsapy.elsentity - INFO - Data loaded for https://api.elsevier.com/content/article/doi/10.1016/B978-0-323-54396-5.00019-2
2023-06-29 19:08:40,137 - elsapy.elsclient - INFO - Sending GET request to https://api.elsevier.com/content/article/doi/10.1016/j.vetpar.2015.07.010
2023-06-29 19:08:40,969 - elsapy.elsentity - INFO - Data loaded for https://api.elsevier.com/content/article/doi/10.1016/j.vetpar.2015.07.010
2023-06-29 19:08:41,967 - elsapy.elsclient - INFO - Sending GET request to https://api.elsevier.com/content/article/doi/10.1016/j.pt.2014.02.002
2023-06-29 19:08:42,863 - elsapy.elsentity - INFO - Data loaded for https://api.elsevier.com/content/article/doi/10.1016/j.pt.2014.02.002
2023-06-29 19:08:43,859 - elsapy.elsclient - INFO - Sending GET request to https://api.elsevier.com/content/article/doi/10.1016/B978-0-7020-5101-2.00088-1
2023-06-29 19:08:44,734 - elsapy.elsentity - INFO - Data loaded for https://api.elsevier.com/content/article/doi/10.1016/B978-0-7020-5101-2.00088-1
2023-06-29 19:08:45,732 - elsapy.elsclient - INFO - Sending GET request to https://api.elsevier.com/content/article/doi/10.1016/B978-0-323-55512-8.00147-2
2023-06-29 19:08:46,526 - elsapy.elsentity - INFO - Data loaded for https://api.elsevier.com/content/article/doi/10.1016/B978-0-323-55512-8.00147-2
